This file contains any messages produced by compilers while
running configure, to aid debugging if configure makes a mistake.

It was created by yara configure 1.4, which was
generated by GNU Autoconf 2.61.  Invocation command line was

  $ ./configure 

## --------- ##
## Platform. ##
## --------- ##

hostname = debian
uname -m = x86_64
uname -r = 4.2.0-1-amd64
uname -s = Linux
uname -v = #1 SMP Debian 4.2.6-1 (2015-11-10)

/usr/bin/uname -p = unknown
/bin/uname -X     = unknown

/bin/arch              = unknown
/usr/bin/arch -k       = unknown
/usr/convex/getsysinfo = unknown
/usr/bin/hostinfo      = unknown
/bin/machine           = unknown
/usr/bin/oslevel       = unknown
/bin/universe          = unknown

PATH: /usr/local/bin
PATH: /usr/bin
PATH: /bin
PATH: /usr/local/games
PATH: /usr/games


## ----------- ##
## Core tests. ##
## ----------- ##

configure:1732: checking for a BSD-compatible install
configure:1788: result: /usr/bin/install -c
configure:1799: checking whether build environment is sane
configure:1842: result: yes
configure:1870: checking for a thread-safe mkdir -p
configure:1909: result: /bin/mkdir -p
configure:1922: checking for gawk
configure:1938: found /usr/bin/gawk
configure:1949: result: gawk
configure:1960: checking whether make sets $(MAKE)
configure:1981: result: yes
configure:2217: checking for gcc
configure:2233: found /usr/bin/gcc
configure:2244: result: gcc
configure:2482: checking for C compiler version
configure:2489: gcc --version >&5
gcc (Debian 5.3.1-12) 5.3.1 20160316
Copyright (C) 2015 Free Software Foundation, Inc.
This is free software; see the source for copying conditions.  There is NO
warranty; not even for MERCHANTABILITY or FITNESS FOR A PARTICULAR PURPOSE.

configure:2492: $? = 0
configure:2499: gcc -v >&5
Using built-in specs.
COLLECT_GCC=gcc
COLLECT_LTO_WRAPPER=/usr/lib/gcc/x86_64-linux-gnu/5/lto-wrapper
Target: x86_64-linux-gnu
Configured with: ../src/configure -v --with-pkgversion='Debian 5.3.1-12' --with-bugurl=file:///usr/share/doc/gcc-5/README.Bugs --enable-languages=c,ada,c++,java,go,d,fortran,objc,obj-c++ --prefix=/usr --program-suffix=-5 --enable-shared --enable-linker-build-id --libexecdir=/usr/lib --without-included-gettext --enable-threads=posix --libdir=/usr/lib --enable-nls --with-sysroot=/ --enable-clocale=gnu --enable-libstdcxx-debug --enable-libstdcxx-time=yes --with-default-libstdcxx-abi=new --enable-gnu-unique-object --disable-vtable-verify --enable-libmpx --enable-plugin --with-system-zlib --disable-browser-plugin --enable-java-awt=gtk --enable-gtk-cairo --with-java-home=/usr/lib/jvm/java-1.5.0-gcj-5-amd64/jre --enable-java-home --with-jvm-root-dir=/usr/lib/jvm/java-1.5.0-gcj-5-amd64 --with-jvm-jar-dir=/usr/lib/jvm-exports/java-1.5.0-gcj-5-amd64 --with-arch-directory=amd64 --with-ecj-jar=/usr/share/java/eclipse-ecj.jar --enable-objc-gc --enable-multiarch --with-arch-32=i586 --with-abi=m64 --with-multilib-list=m32,m64,mx32 --enable-multilib --with-tune=generic --enable-checking=release --build=x86_64-linux-gnu --host=x86_64-linux-gnu --target=x86_64-linux-gnu
Thread model: posix
gcc version 5.3.1 20160316 (Debian 5.3.1-12) 
configure:2502: $? = 0
configure:2509: gcc -V >&5
gcc: error: unrecognized command line option '-V'
gcc: fatal error: no input files
compilation terminated.
configure:2512: $? = 1
configure:2535: checking for C compiler default output file name
configure:2562: gcc    conftest.c  >&5
configure:2565: $? = 0
configure:2603: result: a.out
configure:2620: checking whether the C compiler works
configure:2630: ./a.out
configure:2633: $? = 0
configure:2650: result: yes
configure:2657: checking whether we are cross compiling
configure:2659: result: no
configure:2662: checking for suffix of executables
configure:2669: gcc -o conftest    conftest.c  >&5
configure:2672: $? = 0
configure:2696: result: 
configure:2702: checking for suffix of object files
configure:2728: gcc -c   conftest.c >&5
configure:2731: $? = 0
configure:2754: result: o
configure:2758: checking whether we are using the GNU C compiler
configure:2787: gcc -c   conftest.c >&5
configure:2793: $? = 0
configure:2810: result: yes
configure:2815: checking whether gcc accepts -g
configure:2845: gcc -c -g  conftest.c >&5
configure:2851: $? = 0
configure:2950: result: yes
configure:2967: checking for gcc option to accept ISO C89
configure:3041: gcc  -c -g -O2  conftest.c >&5
configure:3047: $? = 0
configure:3070: result: none needed
configure:3099: checking for style of include used by make
configure:3127: result: GNU
configure:3152: checking dependency style of gcc
configure:3243: result: gcc3
configure:3262: checking for pcre_compile in -lpcre
configure:3297: gcc -o conftest -g -O2   conftest.c -lpcre   >&5
configure:3303: $? = 0
configure:3321: result: yes
configure:3337: checking for pcre_exec in -lpcre
configure:3372: gcc -o conftest -g -O2   conftest.c -lpcre  -lpcre  >&5
configure:3378: $? = 0
configure:3396: result: yes
configure:3412: checking for pcre_get_substring in -lpcre
configure:3447: gcc -o conftest -g -O2   conftest.c -lpcre  -lpcre -lpcre  >&5
configure:3453: $? = 0
configure:3471: result: yes
configure:3487: checking for pcre_free in -lpcre
configure:3522: gcc -o conftest -g -O2   conftest.c -lpcre  -lpcre -lpcre -lpcre  >&5
configure:3528: $? = 0
configure:3546: result: yes
configure:3681: creating ./config.status

## ---------------------- ##
## Running config.status. ##
## ---------------------- ##

This file was extended by yara config.status 1.4, which was
generated by GNU Autoconf 2.61.  Invocation command line was

  CONFIG_FILES    = 
  CONFIG_HEADERS  = 
  CONFIG_LINKS    = 
  CONFIG_COMMANDS = 
  $ ./config.status 

on debian

config.status:633: creating Makefile
config.status:633: creating config.h
config.status:896: executing depfiles commands
configure:4950: === configuring in libyara (/home/xen/Documents/Sproj/yara-1.4/libyara)
configure:5053: running /bin/bash ./configure '--prefix=/usr/local'  --cache-file=/dev/null --srcdir=.

## ---------------- ##
## Cache variables. ##
## ---------------- ##

ac_cv_c_compiler_gnu=yes
ac_cv_env_CC_set=
ac_cv_env_CC_value=
ac_cv_env_CFLAGS_set=
ac_cv_env_CFLAGS_value=
ac_cv_env_CPPFLAGS_set=
ac_cv_env_CPPFLAGS_value=
ac_cv_env_LDFLAGS_set=
ac_cv_env_LDFLAGS_value=
ac_cv_env_LIBS_set=
ac_cv_env_LIBS_value=
ac_cv_env_build_alias_set=
ac_cv_env_build_alias_value=
ac_cv_env_host_alias_set=
ac_cv_env_host_alias_value=
ac_cv_env_target_alias_set=
ac_cv_env_target_alias_value=
ac_cv_lib_pcre_pcre_compile=yes
ac_cv_lib_pcre_pcre_exec=yes
ac_cv_lib_pcre_pcre_free=yes
ac_cv_lib_pcre_pcre_get_substring=yes
ac_cv_objext=o
ac_cv_path_install='/usr/bin/install -c'
ac_cv_path_mkdir=/bin/mkdir
ac_cv_prog_AWK=gawk
ac_cv_prog_ac_ct_CC=gcc
ac_cv_prog_cc_c89=
ac_cv_prog_cc_g=yes
ac_cv_prog_make_make_set=yes
am_cv_CC_dependencies_compiler_type=gcc3

## ----------------- ##
## Output variables. ##
## ----------------- ##

ACLOCAL='${SHELL} /home/xen/Documents/Sproj/yara-1.4/missing --run aclocal-1.10'
AMDEPBACKSLASH='\'
AMDEP_FALSE='#'
AMDEP_TRUE=''
AMTAR='${SHELL} /home/xen/Documents/Sproj/yara-1.4/missing --run tar'
AUTOCONF='${SHELL} /home/xen/Documents/Sproj/yara-1.4/missing --run autoconf'
AUTOHEADER='${SHELL} /home/xen/Documents/Sproj/yara-1.4/missing --run autoheader'
AUTOMAKE='${SHELL} /home/xen/Documents/Sproj/yara-1.4/missing --run automake-1.10'
AWK='gawk'
CC='gcc'
CCDEPMODE='depmode=gcc3'
CFLAGS='-g -O2'
CPPFLAGS=''
CYGPATH_W='echo'
DEFS='-DHAVE_CONFIG_H'
DEPDIR='.deps'
ECHO_C=''
ECHO_N='-n'
ECHO_T=''
EXEEXT=''
INSTALL_DATA='${INSTALL} -m 644'
INSTALL_PROGRAM='${INSTALL}'
INSTALL_SCRIPT='${INSTALL}'
INSTALL_STRIP_PROGRAM='$(install_sh) -c -s'
LDFLAGS=''
LIBOBJS=''
LIBS='-lpcre -lpcre -lpcre -lpcre '
LTLIBOBJS=''
MAKEINFO='${SHELL} /home/xen/Documents/Sproj/yara-1.4/missing --run makeinfo'
OBJEXT='o'
PACKAGE='yara'
PACKAGE_BUGREPORT='vmalvarez@hispasec.com'
PACKAGE_NAME='yara'
PACKAGE_STRING='yara 1.4'
PACKAGE_TARNAME='yara'
PACKAGE_VERSION='1.4'
PATH_SEPARATOR=':'
SET_MAKE=''
SHELL='/bin/bash'
STRIP=''
VERSION='1.4'
ac_ct_CC='gcc'
am__fastdepCC_FALSE='#'
am__fastdepCC_TRUE=''
am__include='include'
am__isrc=''
am__leading_dot='.'
am__quote=''
am__tar='${AMTAR} chof - "$$tardir"'
am__untar='${AMTAR} xf -'
bindir='${exec_prefix}/bin'
build_alias=''
datadir='${datarootdir}'
datarootdir='${prefix}/share'
docdir='${datarootdir}/doc/${PACKAGE_TARNAME}'
dvidir='${docdir}'
exec_prefix='${prefix}'
host_alias=''
htmldir='${docdir}'
includedir='${prefix}/include'
infodir='${datarootdir}/info'
install_sh='$(SHELL) /home/xen/Documents/Sproj/yara-1.4/install-sh'
libdir='${exec_prefix}/lib'
libexecdir='${exec_prefix}/libexec'
localedir='${datarootdir}/locale'
localstatedir='${prefix}/var'
mandir='${datarootdir}/man'
mkdir_p='/bin/mkdir -p'
oldincludedir='/usr/include'
pdfdir='${docdir}'
prefix='/usr/local'
program_transform_name='s,x,x,'
psdir='${docdir}'
sbindir='${exec_prefix}/sbin'
sharedstatedir='${prefix}/com'
subdirs=' libyara'
sysconfdir='${prefix}/etc'
target_alias=''

## ----------- ##
## confdefs.h. ##
## ----------- ##

#define PACKAGE_NAME "yara"
#define PACKAGE_TARNAME "yara"
#define PACKAGE_VERSION "1.4"
#define PACKAGE_STRING "yara 1.4"
#define PACKAGE_BUGREPORT "vmalvarez@hispasec.com"
#define PACKAGE "yara"
#define VERSION "1.4"
#define HAVE_LIBPCRE 1
#define HAVE_LIBPCRE 1
#define HAVE_LIBPCRE 1
#define HAVE_LIBPCRE 1

configure: exit 0
